Determining if the pthread_create exist failed with the following output:
Change Dir: /home/tim/project/Rover2016/ws/build/CMakeFiles/CMakeTmp

Run Build Command:/usr/bin/make "cmTryCompileExec2977068247/fast"
/usr/bin/make -f CMakeFiles/cmTryCompileExec2977068247.dir/build.make CMakeFiles/cmTryCompileExec2977068247.dir/build
make[1]: Entering directory `/home/tim/project/Rover2016/ws/build/CMakeFiles/CMakeTmp'
/usr/bin/cmake -E cmake_progress_report /home/tim/project/Rover2016/ws/build/CMakeFiles/CMakeTmp/CMakeFiles 1
Building C object CMakeFiles/cmTryCompileExec2977068247.dir/CheckSymbolExists.c.o
/usr/bin/cc    -o CMakeFiles/cmTryCompileExec2977068247.dir/CheckSymbolExists.c.o   -c /home/tim/project/Rover2016/ws/build/CMakeFiles/CMakeTmp/CheckSymbolExists.c
Linking C executable cmTryCompileExec2977068247
/usr/bin/cmake -E cmake_link_script CMakeFiles/cmTryCompileExec2977068247.dir/link.txt --verbose=1
/usr/bin/cc       CMakeFiles/cmTryCompileExec2977068247.dir/CheckSymbolExists.c.o  -o cmTryCompileExec2977068247 -rdynamic 
CMakeFiles/cmTryCompileExec2977068247.dir/CheckSymbolExists.c.o: In function `main':
CheckSymbolExists.c:(.text+0x16): undefined reference to `pthread_create'
collect2: error: ld returned 1 exit status
make[1]: Leaving directory `/home/tim/project/Rover2016/ws/build/CMakeFiles/CMakeTmp'
make[1]: *** [cmTryCompileExec2977068247] Error 1
make: *** [cmTryCompileExec2977068247/fast] Error 2

File /home/tim/project/Rover2016/ws/build/CMakeFiles/CMakeTmp/CheckSymbolExists.c:
/* */
#include <pthread.h>

int main(int argc, char** argv)
{
  (void)argv;
#ifndef pthread_create
  return ((int*)(&pthread_create))[argc];
#else
  (void)argc;
  return 0;
#endif
}

Determining if the function pthread_create exists in the pthreads failed with the following output:
Change Dir: /home/tim/project/Rover2016/ws/build/CMakeFiles/CMakeTmp

Run Build Command:/usr/bin/make "cmTryCompileExec3355511776/fast"
/usr/bin/make -f CMakeFiles/cmTryCompileExec3355511776.dir/build.make CMakeFiles/cmTryCompileExec3355511776.dir/build
make[1]: Entering directory `/home/tim/project/Rover2016/ws/build/CMakeFiles/CMakeTmp'
/usr/bin/cmake -E cmake_progress_report /home/tim/project/Rover2016/ws/build/CMakeFiles/CMakeTmp/CMakeFiles 1
Building C object CMakeFiles/cmTryCompileExec3355511776.dir/CheckFunctionExists.c.o
/usr/bin/cc   -DCHECK_FUNCTION_EXISTS=pthread_create   -o CMakeFiles/cmTryCompileExec3355511776.dir/CheckFunctionExists.c.o   -c /usr/share/cmake-2.8/Modules/CheckFunctionExists.c
Linking C executable cmTryCompileExec3355511776
/usr/bin/cmake -E cmake_link_script CMakeFiles/cmTryCompileExec3355511776.dir/link.txt --verbose=1
/usr/bin/cc   -DCHECK_FUNCTION_EXISTS=pthread_create    CMakeFiles/cmTryCompileExec3355511776.dir/CheckFunctionExists.c.o  -o cmTryCompileExec3355511776 -rdynamic -lpthreads 
/usr/bin/ld: cannot find -lpthreads
collect2: error: ld returned 1 exit status
make[1]: Leaving directory `/home/tim/project/Rover2016/ws/build/CMakeFiles/CMakeTmp'
make[1]: *** [cmTryCompileExec3355511776] Error 1
make: *** [cmTryCompileExec3355511776/fast] Error 2


